<?xml version="1.0" encoding="UTF-8"?>
<!-- Generated by org.testng.reporters.JUnitXMLReporter -->
<testsuite hostname="LONDON" ignored="4" name="Default test" tests="1" failures="0" timestamp="2020-10-29T17:45:30 BRT" time="29.858" errors="0">
  <testcase name="deveResolverDesafio" time="29.823" classname="br.ce.wcaquino.appium.FormularioTeste"/>
  <testcase name="devePreencherCampoTexto" time="0.0" classname="br.ce.wcaquino.appium.FormularioTeste">
    <ignored/>
  </testcase> <!-- devePreencherCampoTexto -->
  <testcase name="preencherFormularioDesafio" time="0.0" classname="br.ce.wcaquino.appium.FormularioTeste">
    <ignored/>
  </testcase> <!-- preencherFormularioDesafio -->
  <testcase name="deveInteragirSwitchCheckBox" time="0.0" classname="br.ce.wcaquino.appium.FormularioTeste">
    <ignored/>
  </testcase> <!-- deveInteragirSwitchCheckBox -->
  <testcase name="deveInteragirCombo" time="0.0" classname="br.ce.wcaquino.appium.FormularioTeste">
    <ignored/>
  </testcase> <!-- deveInteragirCombo -->
</testsuite> <!-- Default test -->
