<?xml version="1.0" encoding="UTF-8"?>
<!-- Generated by org.testng.reporters.JUnitXMLReporter -->
<testsuite hostname="LONDON" ignored="1" name="Default test" tests="1" failures="0" timestamp="2020-11-26T18:37:59 BRT" time="39.419" errors="0">
  <testcase name="inserirContaComSucesso" time="3.955" classname="br.ce.wcaquino.appium.test.SeuBarrigaNativoTest"/>
  <testcase name="excluirConta" time="0.0" classname="br.ce.wcaquino.appium.test.SeuBarrigaNativoTest">
    <ignored/>
  </testcase> <!-- excluirConta -->
</testsuite> <!-- Default test -->
