<?xml version="1.0" encoding="UTF-8"?>
<testng-results skipped="0" failed="0" ignored="3" total="4" passed="1">
  <reporter-output>
  </reporter-output>
  <suite name="Default suite" duration-ms="43279" started-at="2020-12-01T19:13:00 BRT" finished-at="2020-12-01T19:13:44 BRT">
    <groups>
    </groups>
    <test name="Default test" duration-ms="43279" started-at="2020-12-01T19:13:00 BRT" finished-at="2020-12-01T19:13:44 BRT">
      <class name="br.ce.wcaquino.appium.test.SeuBarrigaNativoTest">
        <test-method status="PASS" signature="deveRealizarLogin()[pri:0, instance:br.ce.wcaquino.appium.test.SeuBarrigaNativoTest@ea1a8d5]" name="deveRealizarLogin" is-config="true" duration-ms="30038" started-at="2020-12-01T19:13:00 BRT" finished-at="2020-12-01T19:13:30 BRT">
          <reporter-output>
          </reporter-output>
        </test-method> <!-- deveRealizarLogin -->
        <test-method status="PASS" signature="atualizarSaldoAoExcluirMovimentacao()[pri:0, instance:br.ce.wcaquino.appium.test.SeuBarrigaNativoTest@ea1a8d5]" name="atualizarSaldoAoExcluirMovimentacao" duration-ms="6474" started-at="2020-12-01T19:13:30 BRT" finished-at="2020-12-01T19:13:37 BRT">
          <reporter-output>
          </reporter-output>
        </test-method> <!-- atualizarSaldoAoExcluirMovimentacao -->
        <test-method status="PASS" signature="tearDown()[pri:0, instance:br.ce.wcaquino.appium.test.SeuBarrigaNativoTest@ea1a8d5]" name="tearDown" is-config="true" duration-ms="5852" started-at="2020-12-01T19:13:37 BRT" finished-at="2020-12-01T19:13:43 BRT">
          <reporter-output>
          </reporter-output>
        </test-method> <!-- tearDown -->
        <test-method status="PASS" signature="finalizaClasse()[pri:0, instance:br.ce.wcaquino.appium.test.SeuBarrigaNativoTest@ea1a8d5]" name="finalizaClasse" is-config="true" duration-ms="872" started-at="2020-12-01T19:13:43 BRT" finished-at="2020-12-01T19:13:44 BRT">
          <reporter-output>
          </reporter-output>
        </test-method> <!-- finalizaClasse -->
      </class> <!-- br.ce.wcaquino.appium.test.SeuBarrigaNativoTest -->
    </test> <!-- Default test -->
  </suite> <!-- Default suite -->
</testng-results>
